INFO 2020-12-09 19:00:58,954 root : Сервер доступний. Час на сервері: 2020-12-09
INFO 2020-12-09 19:00:58,954 root : Запитувана сторінка: : http://localhost:8000/health/
INFO 2020-12-09 19:00:58,954 root : Відповідь сервера місти наступні поля:
INFO 2020-12-09 19:00:58,955 root : Ключ: date, Значення: 2020-12-09
INFO 2020-12-09 19:00:58,955 root : Ключ: current_page, Значення: http://localhost:8000/health/
INFO 2020-12-09 19:00:58,955 root : Ключ: server_info, Значення: fd24b41431c0
INFO 2020-12-09 19:00:58,955 root : Ключ: client_info, Значення: {'user_agent': 'python-requests/2.25.0', 'user_ip': '172.17.0.1'}
INFO 2020-12-09 19:01:59,080 root : Сервер доступний. Час на сервері: 2020-12-09
INFO 2020-12-09 19:01:59,082 root : Запитувана сторінка: : http://localhost:8000/health/
INFO 2020-12-09 19:01:59,082 root : Відповідь сервера місти наступні поля:
INFO 2020-12-09 19:01:59,083 root : Ключ: date, Значення: 2020-12-09
INFO 2020-12-09 19:01:59,083 root : Ключ: current_page, Значення: http://localhost:8000/health/
INFO 2020-12-09 19:01:59,084 root : Ключ: server_info, Значення: fd24b41431c0
INFO 2020-12-09 19:01:59,084 root : Ключ: client_info, Значення: {'user_agent': 'python-requests/2.25.0', 'user_ip': '172.17.0.1'}
INFO 2020-12-09 19:02:59,211 root : Сервер доступний. Час на сервері: 2020-12-09
INFO 2020-12-09 19:02:59,213 root : Запитувана сторінка: : http://localhost:8000/health/
INFO 2020-12-09 19:02:59,214 root : Відповідь сервера місти наступні поля:
INFO 2020-12-09 19:02:59,214 root : Ключ: date, Значення: 2020-12-09
INFO 2020-12-09 19:02:59,215 root : Ключ: current_page, Значення: http://localhost:8000/health/
INFO 2020-12-09 19:02:59,215 root : Ключ: server_info, Значення: fd24b41431c0
INFO 2020-12-09 19:02:59,216 root : Ключ: client_info, Значення: {'user_agent': 'python-requests/2.25.0', 'user_ip': '172.17.0.1'}
INFO 2020-12-09 19:03:59,305 root : Сервер доступний. Час на сервері: 2020-12-09
INFO 2020-12-09 19:03:59,306 root : Запитувана сторінка: : http://localhost:8000/health/
INFO 2020-12-09 19:03:59,306 root : Відповідь сервера місти наступні поля:
INFO 2020-12-09 19:03:59,307 root : Ключ: date, Значення: 2020-12-09
INFO 2020-12-09 19:03:59,307 root : Ключ: current_page, Значення: http://localhost:8000/health/
INFO 2020-12-09 19:03:59,307 root : Ключ: server_info, Значення: fd24b41431c0
INFO 2020-12-09 19:03:59,307 root : Ключ: client_info, Значення: {'user_agent': 'python-requests/2.25.0', 'user_ip': '172.17.0.1'}
INFO 2020-12-09 19:04:59,380 root : Сервер доступний. Час на сервері: 2020-12-09
INFO 2020-12-09 19:04:59,380 root : Запитувана сторінка: : http://localhost:8000/health/
INFO 2020-12-09 19:04:59,380 root : Відповідь сервера місти наступні поля:
INFO 2020-12-09 19:04:59,380 root : Ключ: date, Значення: 2020-12-09
INFO 2020-12-09 19:04:59,381 root : Ключ: current_page, Значення: http://localhost:8000/health/
INFO 2020-12-09 19:04:59,382 root : Ключ: server_info, Значення: fd24b41431c0
INFO 2020-12-09 19:04:59,383 root : Ключ: client_info, Значення: {'user_agent': 'python-requests/2.25.0', 'user_ip': '172.17.0.1'}
